{
  "stats": {
    "suites": 1,
    "tests": 1,
    "passes": 0,
    "pending": 0,
    "failures": 1,
    "start": "2020-01-22T15:34:36.936Z",
    "end": "2020-01-22T15:35:02.121Z",
    "duration": 25185,
    "testsRegistered": 1,
    "passPercent": 0,
    "pendingPercent": 0,
    "other": 0,
    "hasOther": false,
    "skipped": 0,
    "hasSkipped": false
  },
  "results": [
    {
      "uuid": "aa1a75f0-d194-43ad-9147-e6e7efdd3e9c",
      "title": "",
      "fullFile": "",
      "file": "",
      "beforeHooks": [],
      "afterHooks": [],
      "tests": [],
      "suites": [
        {
          "uuid": "39fef479-9cb6-40ef-b792-ecb604468e4a",
          "title": "My First practice Suite",
          "fullFile": "",
          "file": "",
          "beforeHooks": [],
          "afterHooks": [],
          "tests": [
            {
              "title": "Proquest",
              "fullTitle": "My First practice Suite Proquest",
              "timedOut": null,
              "duration": 23159,
              "state": "failed",
              "speed": null,
              "pass": false,
              "fail": true,
              "pending": false,
              "context": null,
              "code": "cy.visit(\"https://www.google.co.uk\");\ncy.get('.gLFyf').type('proquest');\ncy.get('.FPdoLc > center > .gNO89b').click({\n  force: true\n});\ncy.contains('ProQuest | Databases, EBooks and Technology for Research').click();\ncy.get('.hidden-xs > .dropdown-toggle > .fa').click();\ncy.get('#search-form > .input-group > .twitter-typeahead > .form-control').type('QA');\ncy.get('#search-form > .input-group > .input-group-btn > .btn > .fa').click();",
              "err": {
                "message": "CypressError: Timed out retrying: cy.click() failed because this element:\n\n<i class=\" fa  fa-2  fa-search \" aria-hidden=\"true\"></i>\n\nis being covered by another element:\n\n<div id=\"pop-div06883858420328672\" class=\"truste_overlay\" style=\"background-color: rgb(0, 0, 0); opacity: 0.4; position: fixed; z-index: 1000200; width: 100%; height: 100%; top: 0px; left: 0px; overflow: hidden;\"></div>\n\nFix this problem, or use {force: true} to disable error checking.\n\nhttps://on.cypress.io/element-cannot-be-interacted-with",
                "estack": "CypressError: Timed out retrying: cy.click() failed because this element:\n\n<i class=\" fa  fa-2  fa-search \" aria-hidden=\"true\"></i>\n\nis being covered by another element:\n\n<div id=\"pop-div06883858420328672\" class=\"truste_overlay\" style=\"background-color: rgb(0, 0, 0); opacity: 0.4; position: fixed; z-index: 1000200; width: 100%; height: 100%; top: 0px; left: 0px; overflow: hidden;\"></div>\n\nFix this problem, or use {force: true} to disable error checking.\n\nhttps://on.cypress.io/element-cannot-be-interacted-with\n    at Object.cypressErr (https://www.google.co.uk/__cypress/runner/cypress_runner.js:86206:11)\n    at Object.throwErr (https://www.google.co.uk/__cypress/runner/cypress_runner.js:86161:18)\n    at Object.throwErrByPath (https://www.google.co.uk/__cypress/runner/cypress_runner.js:86193:17)\n    at Object.retry (https://www.google.co.uk/__cypress/runner/cypress_runner.js:76849:16)\n    at retryActionability (https://www.google.co.uk/__cypress/runner/cypress_runner.js:65238:19)\n    at tryCatcher (https://www.google.co.uk/__cypress/runner/cypress_runner.js:120669:23)\n    at Function.Promise.attempt.Promise.try (https://www.google.co.uk/__cypress/runner/cypress_runner.js:117944:29)\n    at tryFn (https://www.google.co.uk/__cypress/runner/cypress_runner.js:77307:21)\n    at whenStable (https://www.google.co.uk/__cypress/runner/cypress_runner.js:77342:12)\n    at https://www.google.co.uk/__cypress/runner/cypress_runner.js:76892:16\n    at tryCatcher (https://www.google.co.uk/__cypress/runner/cypress_runner.js:120669:23)\n    at Promise._settlePromiseFromHandler (https://www.google.co.uk/__cypress/runner/cypress_runner.js:118605:31)\n    at Promise._settlePromise (https://www.google.co.uk/__cypress/runner/cypress_runner.js:118662:18)\n    at Promise._settlePromise0 (https://www.google.co.uk/__cypress/runner/cypress_runner.js:118707:10)\n    at Promise._settlePromises (https://www.google.co.uk/__cypress/runner/cypress_runner.js:118786:18)\n    at Promise._fulfill (https://www.google.co.uk/__cypress/runner/cypress_runner.js:118731:18)",
                "diff": null
              },
              "uuid": "a261fd6d-eb13-4815-9d0d-dbdddcd751da",
              "parentUUID": "39fef479-9cb6-40ef-b792-ecb604468e4a",
              "isHook": false,
              "skipped": false
            }
          ],
          "suites": [],
          "passes": [],
          "failures": [
            "a261fd6d-eb13-4815-9d0d-dbdddcd751da"
          ],
          "pending": [],
          "skipped": [],
          "duration": 23159,
          "root": false,
          "rootEmpty": false,
          "_timeout": 2000
        }
      ],
      "passes": [],
      "failures": [],
      "pending": [],
      "skipped": [],
      "duration": 0,
      "root": true,
      "rootEmpty": true,
      "_timeout": 2000
    }
  ],
  "meta": {
    "mocha": {
      "version": "5.2.0"
    },
    "mochawesome": {
      "options": {
        "quiet": false,
        "reportFilename": "mochawesome",
        "saveHtml": true,
        "saveJson": true,
        "consoleReporter": "spec",
        "useInlineDiffs": false
      },
      "version": "4.1.0"
    },
    "marge": {
      "options": {},
      "version": "4.1.0"
    }
  }
}