{
  "stats": {
    "suites": 1,
    "tests": 1,
    "passes": 0,
    "pending": 0,
    "failures": 1,
    "start": "2020-01-22T15:44:47.208Z",
    "end": "2020-01-22T15:45:16.563Z",
    "duration": 29355,
    "testsRegistered": 1,
    "passPercent": 0,
    "pendingPercent": 0,
    "other": 0,
    "hasOther": false,
    "skipped": 0,
    "hasSkipped": false
  },
  "results": [
    {
      "uuid": "3bf6ced0-3a2a-4152-97e7-abe7c8de68f0",
      "title": "",
      "fullFile": "",
      "file": "",
      "beforeHooks": [],
      "afterHooks": [],
      "tests": [],
      "suites": [
        {
          "uuid": "12f27d5f-0197-4fa2-8ede-b8eec875a141",
          "title": "My First practice Suite",
          "fullFile": "",
          "file": "",
          "beforeHooks": [],
          "afterHooks": [],
          "tests": [
            {
              "title": "Proquest",
              "fullTitle": "My First practice Suite Proquest",
              "timedOut": null,
              "duration": 27470,
              "state": "failed",
              "speed": null,
              "pass": false,
              "fail": true,
              "pending": false,
              "context": null,
              "code": "cy.visit(\"https://www.google.co.uk\");\ncy.get('.gLFyf').type('proquest');\ncy.get('.FPdoLc > center > .gNO89b').click({\n  force: true\n});\ncy.contains('ProQuest | Databases, EBooks and Technology for Research').click();\ncy.wait(5000);\ncy.get('.hidden-xs > .dropdown-toggle > .fa').click({\n  force: true\n});\ncy.get('#search-form > .input-group > .twitter-typeahead > .form-control').type('QA');\ncy.get('#search-form > .input-group > .input-group-btn > .btn > .fa').click();",
              "err": {
                "message": "CypressError: Timed out retrying: cy.type() failed because this element:\n\n<input type=\"text\" name=\"searchKeyword\" placeholder=\"Search Products &amp; Services\" aria-label=\"Search box to search entire site\" data-provide=\"typeahead\" class=\"form-control  input-sm  typeahead  tt-query\" style=\"border: none; position: relative; vertical-align: top; background-color: rgb(255, 255, 255); display: block;\" autocomplete=\"off\" spellcheck=\"false\" dir=\"auto\">\n\nis being covered by another element:\n\n<iframe src=\"https://consent-pref.trustarc.com/?type=proquest&amp;site=proquest.com&amp;action=notice&amp;country=gb&amp;locale=en&amp;behavior=expressed&amp;layout=default_eu&amp;irm=false&amp;from=https://consent.trustarc.com/\" id=\"pop-frame0622426287861362\" title=\"TrustArc Cookie Consent Manager\" tabindex=\"1\" scrolling=\"no\" style=\"border: 0px; border-radius: 2px; overflow: hidden; background: rgb(255, 255, 255); display: block; position: absolute; top: 0px; left: 0px; width: 100%; height: 282px;\"></iframe>\n\nFix this problem, or use {force: true} to disable error checking.\n\nhttps://on.cypress.io/element-cannot-be-interacted-with",
                "estack": "CypressError: Timed out retrying: cy.type() failed because this element:\n\n<input type=\"text\" name=\"searchKeyword\" placeholder=\"Search Products &amp; Services\" aria-label=\"Search box to search entire site\" data-provide=\"typeahead\" class=\"form-control  input-sm  typeahead  tt-query\" style=\"border: none; position: relative; vertical-align: top; background-color: rgb(255, 255, 255); display: block;\" autocomplete=\"off\" spellcheck=\"false\" dir=\"auto\">\n\nis being covered by another element:\n\n<iframe src=\"https://consent-pref.trustarc.com/?type=proquest&amp;site=proquest.com&amp;action=notice&amp;country=gb&amp;locale=en&amp;behavior=expressed&amp;layout=default_eu&amp;irm=false&amp;from=https://consent.trustarc.com/\" id=\"pop-frame0622426287861362\" title=\"TrustArc Cookie Consent Manager\" tabindex=\"1\" scrolling=\"no\" style=\"border: 0px; border-radius: 2px; overflow: hidden; background: rgb(255, 255, 255); display: block; position: absolute; top: 0px; left: 0px; width: 100%; height: 282px;\"></iframe>\n\nFix this problem, or use {force: true} to disable error checking.\n\nhttps://on.cypress.io/element-cannot-be-interacted-with\n    at Object.cypressErr (https://www.google.co.uk/__cypress/runner/cypress_runner.js:86206:11)\n    at Object.throwErr (https://www.google.co.uk/__cypress/runner/cypress_runner.js:86161:18)\n    at Object.throwErrByPath (https://www.google.co.uk/__cypress/runner/cypress_runner.js:86193:17)\n    at Object.retry (https://www.google.co.uk/__cypress/runner/cypress_runner.js:76849:16)\n    at retryActionability (https://www.google.co.uk/__cypress/runner/cypress_runner.js:65238:19)\n    at tryCatcher (https://www.google.co.uk/__cypress/runner/cypress_runner.js:120669:23)\n    at Function.Promise.attempt.Promise.try (https://www.google.co.uk/__cypress/runner/cypress_runner.js:117944:29)\n    at tryFn (https://www.google.co.uk/__cypress/runner/cypress_runner.js:77307:21)\n    at whenStable (https://www.google.co.uk/__cypress/runner/cypress_runner.js:77342:12)\n    at https://www.google.co.uk/__cypress/runner/cypress_runner.js:76892:16\n    at tryCatcher (https://www.google.co.uk/__cypress/runner/cypress_runner.js:120669:23)\n    at Promise._settlePromiseFromHandler (https://www.google.co.uk/__cypress/runner/cypress_runner.js:118605:31)\n    at Promise._settlePromise (https://www.google.co.uk/__cypress/runner/cypress_runner.js:118662:18)\n    at Promise._settlePromise0 (https://www.google.co.uk/__cypress/runner/cypress_runner.js:118707:10)\n    at Promise._settlePromises (https://www.google.co.uk/__cypress/runner/cypress_runner.js:118786:18)\n    at Promise._fulfill (https://www.google.co.uk/__cypress/runner/cypress_runner.js:118731:18)",
                "diff": null
              },
              "uuid": "eaaabf24-79c3-46e1-9d3d-9589e32314b8",
              "parentUUID": "12f27d5f-0197-4fa2-8ede-b8eec875a141",
              "isHook": false,
              "skipped": false
            }
          ],
          "suites": [],
          "passes": [],
          "failures": [
            "eaaabf24-79c3-46e1-9d3d-9589e32314b8"
          ],
          "pending": [],
          "skipped": [],
          "duration": 27470,
          "root": false,
          "rootEmpty": false,
          "_timeout": 2000
        }
      ],
      "passes": [],
      "failures": [],
      "pending": [],
      "skipped": [],
      "duration": 0,
      "root": true,
      "rootEmpty": true,
      "_timeout": 2000
    }
  ],
  "meta": {
    "mocha": {
      "version": "5.2.0"
    },
    "mochawesome": {
      "options": {
        "quiet": false,
        "reportFilename": "mochawesome",
        "saveHtml": true,
        "saveJson": true,
        "consoleReporter": "spec",
        "useInlineDiffs": false
      },
      "version": "4.1.0"
    },
    "marge": {
      "options": {},
      "version": "4.1.0"
    }
  }
}