{
  "stats": {
    "suites": 1,
    "tests": 1,
    "passes": 1,
    "pending": 0,
    "failures": 0,
    "start": "2020-01-24T15:04:13.862Z",
    "end": "2020-01-24T15:04:26.432Z",
    "duration": 12570,
    "testsRegistered": 1,
    "passPercent": 100,
    "pendingPercent": 0,
    "other": 0,
    "hasOther": false,
    "skipped": 0,
    "hasSkipped": false
  },
  "results": [
    {
      "uuid": "a143cb7a-8789-4019-b314-5a6c77fc6be1",
      "title": "",
      "fullFile": "",
      "file": "",
      "beforeHooks": [],
      "afterHooks": [],
      "tests": [],
      "suites": [
        {
          "uuid": "94fcc488-6963-4da9-ba82-6a8b6cc6dfaf",
          "title": "My eight Test Suite",
          "fullFile": "",
          "file": "",
          "beforeHooks": [],
          "afterHooks": [],
          "tests": [
            {
              "title": "my 8 test case",
              "fullTitle": "My eight Test Suite my 8 test case",
              "timedOut": null,
              "duration": 10396,
              "state": "passed",
              "speed": "slow",
              "pass": true,
              "fail": false,
              "pending": false,
              "context": null,
              "code": "//Cypress.config('pageLoadTimeout',6000)\nvar homePage = new _HomePage.default();\nvar productpage = new _productPage.default();\ncy.visit(Cypress.env('url'));\nhomePage.getNameEditBox().type(this.data.name);\nhomePage.getGender().select(this.data.gender);\nhomePage.getTwoWayDataBinding().should('have.value', this.data.name);\nhomePage.getNameEditBox().should('have.attr', 'minlength', '2');\nhomePage.getRadioButton().should('be.disabled');\nhomePage.getShopTab().click();\nthis.data.ProductName.forEach(function (element) {\n  cy.selectProduct(element);\n});\nproductpage.checkOutButton().click();\nvar sum = 0;\ncy.get('tr td:nth-child(4) strong').each(function ($el, index, $list) {\n  var amount = $el.text();\n  var res = amount.split(\" \");\n  res = res[1].trim();\n  sum = Number(sum) + Number(res);\n}).then(function () {\n  cy.log(sum);\n});\ncy.get('h3 strong').then(function (element) {\n  var amount = element.text();\n  var res = amount.split(\" \");\n  var total = res[1].trim();\n  expect(Number(total)).to.equal(sum);\n});\ncy.contains('Checkout').click();\ncy.get('#country').type('ind');\ncy.get('.suggestions > :nth-child(1) > li > a').click();\ncy.get('.checkbox').click();\ncy.get('.ng-untouched > .btn').click(); //cy.get('.alert').should('have.text', 'Success! Thank you! Your order will be delivered in next few weeks :-).')\ncy.get('.alert').then(function (element) {\n  var actualTxt = element.text();\n  expect(actualTxt.includes(\"Success\")).to.be.true;\n});",
              "err": {},
              "uuid": "f8356925-b3a7-4f36-9d40-e9708c3539d4",
              "parentUUID": "94fcc488-6963-4da9-ba82-6a8b6cc6dfaf",
              "isHook": false,
              "skipped": false
            }
          ],
          "suites": [],
          "passes": [
            "f8356925-b3a7-4f36-9d40-e9708c3539d4"
          ],
          "failures": [],
          "pending": [],
          "skipped": [],
          "duration": 10396,
          "root": false,
          "rootEmpty": false,
          "_timeout": 2000
        }
      ],
      "passes": [],
      "failures": [],
      "pending": [],
      "skipped": [],
      "duration": 0,
      "root": true,
      "rootEmpty": true,
      "_timeout": 2000
    }
  ],
  "meta": {
    "mocha": {
      "version": "5.2.0"
    },
    "mochawesome": {
      "options": {
        "quiet": false,
        "reportFilename": "mochawesome",
        "saveHtml": true,
        "saveJson": true,
        "consoleReporter": "spec",
        "useInlineDiffs": false
      },
      "version": "4.1.0"
    },
    "marge": {
      "options": {},
      "version": "4.1.0"
    }
  }
}